[www.zen.dentist/index.html]
[backblue.gif]
[fade.gif]
[index.html]
[cdn.prod.website-files.com/6230bfc886c8142108c44052/css/zdstudio.webflow.10031b14e.min.css]
[ajax.googleapis.com/ajax/libs/webfont/1.6.26/webfont.js]
[fonts.googleapis.com/index.html]
[cdn.prod.website-files.com/6230bfc886c8142108c44052/6230bfc886c814573cc4413b_Untitled favicon.png]
[cdn.prod.website-files.com/6230bfc886c8142108c44052/6230bfc886c81436e0c44150_fav 256.png]
[app.visitortracking.com/assets/js/tracer.js]
[unpkg.com/swiper@11.1.9/swiper-bundle.min.css]
[cdn.prod.website-files.com/6230bfc886c8142108c44052/6230bfc886c8143e0fc440f2_Close.svg]
[cdn.prod.website-files.com/6230bfc886c8142108c44052/65006e189db2c329b4eb2027_222.png]
[www.zen.dentist/our-story.html]
[www.zen.dentist/general-dentistry.html]
[www.zen.dentist/invisalign-in-san-francisco-and-mountain-view.html]
[www.zen.dentist/teeth-whitening-services.html]
[www.zen.dentist/implants.html]
[www.zen.dentist/porcelain-veneers.html]
[www.zen.dentist/patients.html]
[www.zen.dentist/san-francisco-dental-studio.html]
[www.zen.dentist/mountain-view-dental-studio.html]
[www.zen.dentist/contact.html]
[cdn.prod.website-files.com/6230bfc886c8142108c44052/6230bfc886c81470ccc4412f_menu-line.svg]
[cdn.prod.website-files.com/6230bfc886c8142108c44052/6230bfc886c814de9dc4413a_Asset 1.svg]
[cdn.prod.website-files.com/6230bfc886c8142108c44052/63910d5d9fa61e2f88038d57_1.jpg]
[cdn.prod.website-files.com/6230bfc886c8142108c44052/63910d5e80490749e9d59736_2.webp]
[cdn.prod.website-files.com/6230bfc886c8142108c44052/63910d5efdc36f55f398e9d8_3.jpg]
[cdn.prod.website-files.com/6230bfc886c8142108c44052/63910d5e89bf4f9d3e5d7a37_4.webp]
[cdn.prod.website-files.com/6230bfc886c8142108c44052/63910d5e117a5d389a834c7c_5.webp]
[cdn.prod.website-files.com/6230bfc886c8142108c44052/63910d5e8372d06a85dd0d5c_6.webp]
[cdn.prod.website-files.com/6230bfc886c8142108c44052/63910d5e89bf4f59805d7a38_7.jpg]
[cdn.prod.website-files.com/6230bfc886c8142108c44052/63910d5ea5fea56ed8b875de_8.webp]
[cdn.prod.website-files.com/6230bfc886c8142108c44052/6230bfc886c8143202c440f3_start-rating-png 1.png]
[cdn.prod.website-files.com/6230bfc886c8142108c44052/6346de9a5fbfe6b13b42c578_15.webp]
[cdn.prod.website-files.com/6230bfc886c8142108c44052/6346dea1f6f4a40a973c01e4_22.webp]
[cdn.prod.website-files.com/6230bfc886c8142108c44052/6346d9f4482d2668e56edcb9_5.webp]
[cdn.prod.website-files.com/6230bfc886c8142108c44052/6346d9f0ea3fb158f4831cea_3.webp]
[cdn.prod.website-files.com/6230bfc886c8148626c4406d/6390d279a594a9198eb73bce_4.jpg]
[cdn.prod.website-files.com/6230bfc886c8148626c4406d/6390d279028a524b9392b75f_5.jpg]
[cdn.prod.website-files.com/6230bfc886c8148626c4406d/6390d279969daa490a48b8dc_6.jpg]
[cdn.prod.website-files.com/6230bfc886c8148626c4406d/6390d27986e981fec0b5e3ad_7.jpg]
[cdn.prod.website-files.com/6230bfc886c8148626c4406d/6390d279e6eafa2500a7aa06_8.jpg]
[cdn.prod.website-files.com/6230bfc886c8142108c44052/6390fdf516c6dd35372d59c9_dentistry 1.svg]
[cdn.prod.website-files.com/6230bfc886c8142108c44052/6390feeb804907cea6d46c33_search 1.svg]
[cdn.prod.website-files.com/6230bfc886c8142108c44052/6390fe6876664030cce94462_streaming 1.svg]
[cdn.prod.website-files.com/6230bfc886c8142108c44052/639100f48049071546d4a223_Vector.svg]
[cdn.prod.website-files.com/6230bfc886c8142108c44052/63910162fadf4f4f642f9980_Page-1.svg]
[cdn.prod.website-files.com/6230bfc886c8142108c44052/639101f4167ec24500d15d88_coffee 1.svg]
[cdn.prod.website-files.com/6230bfc886c8142108c44052/639102bcfff0620d88cd5656_wifi (1) 1.svg]
[cdn.prod.website-files.com/6230bfc886c8142108c44052/63910308577eec298b02c43b_diffuser 1.svg]
[cdn.prod.website-files.com/6230bfc886c8142108c44052/639103eeaa0fde454b79843c_customize 1.svg]
[cdn.prod.website-files.com/6230bfc886c8142108c44052/6391048a980724f81b0470a5_tooth 1.svg]
[cdn.prod.website-files.com/6230bfc886c8142108c44052/6230bfc886c8148790c440ce_close-fill.svg]
[cdn.prod.website-files.com/6230bfc886c8142108c44052/6230bfc886c8146e64c440d4_Ellipse 21.svg]
[cdn.prod.website-files.com/6230bfc886c8142108c44052/6230bfc886c81472bec44097_clarity_block-quote-line.svg]
[cdn.prod.website-files.com/6230bfc886c8148626c4406d/6230bfc886c8145702c44179_yelp_logo.svg]
[cdn.prod.website-files.com/6230bfc886c8142108c44052/65006e5f48552858bc2c314a_white.png]
[www.zen.dentist/zen-blog.html]
[www.zen.dentist/sitemap.html]
[cdn.prod.website-files.com/6230bfc886c8142108c44052/6230bfc886c8141b31c440d0_facebook-circle-fill.svg]
[cdn.prod.website-files.com/6230bfc886c8142108c44052/6230bfc886c8149951c440d3_instagram-line.svg]
[d3e54v103j8qbb.cloudfront.net/js/jquery-3.5.1.min.dc5e7f18c877d8.js]
[cdn.prod.website-files.com/6230bfc886c8142108c44052/js/webflow.935fd3b5f.js]
[code.jquery.com/jquery-2.2.0.min.js]
[unpkg.com/swiper@11.1.9/swiper-bundle.min.js]
[www.zen.dentist/index.html]
[cdn.prod.website-files.com/6230bfc886c8142108c44052/css/zdstudio.webflow.10031b14e.min.css]
[fonts.googleapis.com/index.html]
[fonts.gstatic.com/index.html]
[assets.website-files.com/index.html]
[www.googletagmanager.com/gtm5445.html]
[unpkg.com/swiper@11.1.9/swiper-bundle.min.css]
[cdn.prod.website-files.com/6230bfc886c8142108c44052/6230bfc886c8143e0fc440f2_Close.svg]
[d.plerdy.com/public/js/click/mainec92.js]
[cdn.prod.website-files.com/6230bfc886c8142108c44052/6230bfc886c8143762c440c5_webflow-arrow.svg]
[cdn.prod.website-files.com/6230bfc886c8148626c4406d/628bc02cd6a36a5a0fa443aa_CleanShot 2022-05-23 at 10.09.56@2x.png]
[cdn.prod.website-files.com/6230bfc886c8142108c44052/6230bfc886c8145063c44099_arrow-right-up-line.svg]
[cdn.prod.website-files.com/6230bfc886c8148626c4406d/62429cc8da0ac9feb49fda1e_dr nina moslehi-min.png]
[cdn.prod.website-files.com/6230bfc886c8148626c4406d/634609d9e6257f278f56d54d_Untitled.jpg]
[cdn.prod.website-files.com/6230bfc886c8142108c44052/65c28865a1012cddd65ac858_SF_hallway_modified.webp]
[cdn.prod.website-files.com/6230bfc886c8142108c44052/65c288659b896e013d781784_SF_op_updated.webp]
[cdn.prod.website-files.com/6230bfc886c8142108c44052/65c2886505ad379a33f6b6bb_SF_second_hallway_updated.webp]
[cdn.prod.website-files.com/6230bfc886c8142108c44052/65c28865340e0e7457590a55_SF_reception_filtered.webp]
[cdn.prod.website-files.com/6230bfc886c8142108c44052/65c288651d884ced9348e845_SF_reception_from_door_updated.webp]
[cdn.prod.website-files.com/6230bfc886c8142108c44052/65c26df29b67b26e12aefee5_lobby1.webp]
[cdn.prod.website-files.com/6230bfc886c8142108c44052/65c26df2f14dbf471c0358f8_lobby3.webp]
[cdn.prod.website-files.com/6230bfc886c8142108c44052/65c26df2e6b3bdb05469e68f_ops1.webp]
[cdn.prod.website-files.com/6230bfc886c8142108c44052/65c26df262a04e51a8c018ea_ops2.webp]
[cdn.prod.website-files.com/6230bfc886c8142108c44052/65c26df382c2c336af3353b8_lobby6.webp]
[www.zen.dentist/our-story.html]
[cdnjs.cloudflare.com/ajax/libs/dragdealer/0.9.9/dragdealer.min.js]
[cdn.prod.website-files.com/6230bfc886c8142108c44052/64e621a5b03e3fb9bb2803e0_Group.svg]
[cdn.prod.website-files.com/6230bfc886c8142108c44052/644bae85e44f1f6f0feec254_artificial-intelligence.svg]
[cdn.prod.website-files.com/6230bfc886c8142108c44052/644baf026ccf194b4cfb8fda_x-ray.svg]
[cdn.prod.website-files.com/6230bfc886c8142108c44052/644bafaa35711f64602fdf62_laser-beam.svg]
[www.zen.dentist/oral-surgery.html]
[cdn.prod.website-files.com/6230bfc886c8142108c44052/644bb028cff00c27a5c77b9b_scan.svg]
[www.zen.dentist/comprehensive-cleaning-services-in-sf-and-mv.html]
[www.zen.dentist/how-to-naturally-make-your-teeth-stronger.html]
[www.zen.dentist/teeth-anatomy-why-is-it-good-to-know.html]
[cdn.prod.website-files.com/6230bfc886c8142108c44052/6421a5e60328a61e2b5d7228_60e4a233ef2c638548d2a4e1_icon-6-service-dentist-template 1.png]
[cdn.prod.website-files.com/6230bfc886c8142108c44052/6421a5e600f7ae9d8bea5f7f_Group 251.png]
[cdn.prod.website-files.com/6230bfc886c8142108c44052/6421a5e6aec713a93197ae0e_60e4a233ef2c63aba2d2a4dc_icon-1-service-dentist-template 1.png]
[www.zen.dentist/general-dentistry.html]
[www.zen.dentist/general-dentistry/index.html]
[cdn.prod.website-files.com/6230bfc886c8142108c44052/6618201f35b4bd1f110fd141_young-woman-does-home-teeth-whitening-procedure-whitening-tray-with-gel (2).webp]
[cdn.prod.website-files.com/6230bfc886c8142108c44052/6618229b32348e3c90794c4d_asdasd.png]
[cdn.prod.website-files.com/6230bfc886c8142108c44052/6618211a0bd618374300f7c0_icon-invisalign 1.png]
[cdn.prod.website-files.com/6230bfc886c8142108c44052/6618214cceb29ad54b8ad460_Group 70.svg]
[cdn.prod.website-files.com/6230bfc886c8142108c44052/6618214dae6895cc12e26d37_Group 71.svg]
[cdn.prod.website-files.com/6230bfc886c8142108c44052/661821e55e3d2b4f46da1c11_badge-invisalign-gold-plus-provider-02 3.png]
[cdn.prod.website-files.com/6230bfc886c8142108c44052/66182d0662b5539384bdf0ff_apple 1.svg]
[cdn.prod.website-files.com/6230bfc886c8142108c44052/66182d069e5ee373baa7747c_teeth 1.svg]
[cdn.prod.website-files.com/6230bfc886c8142108c44052/66182d05111f54510dac4921_orthodontic 1.svg]
[cdn.prod.website-files.com/6230bfc886c8142108c44052/66182e985b04926a720e368e_unlocked.svg]
[cdn.prod.website-files.com/6230bfc886c8142108c44052/66182d064e75868c99329a9a_face-recognition 1.svg]
[cdn.prod.website-files.com/6230bfc886c8142108c44052/66182d05ce8f55a9a7976359_lightning 1.svg]
[cdn.prod.website-files.com/6230bfc886c8142108c44052/66182d059e5ee373baa77421_straightens-teeth 1.svg]
[cdn.prod.website-files.com/6230bfc886c8142108c44052/6618346561a0aa5a0dc82e22_Group 54.webp]
[cdn.prod.website-files.com/6230bfc886c8142108c44052/66183821ac02808095995bac_628bc02cd6a36a5a0fa443aa_CleanShot 2022-05-23 at 10.09 1.png]
[cdn.prod.website-files.com/6230bfc886c8142108c44052/661838ffe230c5bbeaf4e5d3_SASASAA.png]
[cdn.prod.website-files.com/6230bfc886c8142108c44052/661836d07d6660975631bbf5_arrow-left-line.svg]
[cdn.prod.website-files.com/6230bfc886c8142108c44052/661836a43d7e0ad97ee66b3c_arrow-left-line.svg]
[cdn.prod.website-files.com/6230bfc886c8148626c4406d/630df1282e54896982f07d3e_1.jpg]
[cdn.prod.website-files.com/6230bfc886c8148626c4406d/630df12d08248515ed913d20_2.jpg]
[cdn.prod.website-files.com/6230bfc886c8148626c4406d/630df13e6671aae54771730e_3.jpg]
[cdn.prod.website-files.com/6230bfc886c8148626c4406d/630df141f1be88feb86d3f81_4.jpg]
[cdn.prod.website-files.com/6230bfc886c8148626c4406d/630df15345898422e6ff42ef_5.jpg]
[cdn.prod.website-files.com/6230bfc886c8148626c4406d/630df157cc9f7af64301a208_6.jpg]
[cdn.prod.website-files.com/6230bfc886c8142108c44052/661d0081e9631769e9e8f61e_dental-care 1.svg]
[cdn.prod.website-files.com/6230bfc886c8142108c44052/661d019311890e81875242ff_money-saving 1.svg]
[cdn.prod.website-files.com/6230bfc886c8142108c44052/661d01502e3ce8b189143485_asdasdasd.svg]
[static.elfsight.com/platform/platform.js]
[cdn.prod.website-files.com/6230bfc886c8142108c44052/661d03fcefe34374c608ae9e_Group 63.png]
[cdn.prod.website-files.com/6230bfc886c8142108c44052/661d0548861a565bd7deaa0e_43.png]
[cdn.prod.website-files.com/6230bfc886c8142108c44052/644bb9021be5d5c6a36c54a9_dentist.svg]
[cdn.prod.website-files.com/6230bfc886c8142108c44052/644bb58b1be5d5b2c66c1909_task.svg]
[cdn.prod.website-files.com/6230bfc886c8142108c44052/644bbb0a12ed4bde21080bd5_straightens-teeth.svg]
[cdn.prod.website-files.com/6230bfc886c8142108c44052/644bbb38be660b0ef857ad1c_dentist (1).svg]
[cdn.prod.website-files.com/6230bfc886c8142108c44052/644bb7dc49862534abecd208_teeth.svg]
[www.zen.dentist/do-i-need-a-smile-makeover.html]
[www.zen.dentist/dentist-near-me/the-role-of-cosmetic-dentistry-in-los-altos-palo-alto-enhancing-smiles-and-confidence.html]
[cdnjs.cloudflare.com/ajax/libs/gsap/3.8.0/gsap.min.js]
[www.zen.dentist/invisalign-in-san-francisco-and-mountain-view.html]
[cdnjs.cloudflare.com/ajax/libs/gsap/3.8.0/ScrollTrigger.min.js]
[cdn.prod.website-files.com/6230bfc886c8142108c44052/644bb74e95dc92482b7dfca0_home.svg]
[cdn.prod.website-files.com/6230bfc886c8142108c44052/644bb7874986250ef0eccab2_dentist-chair.svg]
[www.zen.dentist/teeth-whitening-services.html]
[cdn.prod.website-files.com/6230bfc886c8142108c44052/644bb7b45eb17a4f8f6816e3_sensitive.svg]
[cdn.prod.website-files.com/6230bfc886c8142108c44052/644bb50c8f7a2c686a113b47_consultation.svg]
[cdn.prod.website-files.com/6230bfc886c8142108c44052/644bb5c4f19b84805684bb12_dental-implant.svg]
[cdn.prod.website-files.com/6230bfc886c8142108c44052/644bb5e4cbad9532fdc71888_reconstruction.svg]
[cdn.prod.website-files.com/6230bfc886c8142108c44052/6303b281de79959e5865a412_check-line.svg]
[www.zen.dentist/why-dental-cleaning-are-so-vital.html]
[www.zen.dentist/implants.html]
[cdn.prod.website-files.com/6230bfc886c8142108c44052/644bb98a23f0b4dd53fbedcf_dental-veneer.svg]
[www.zen.dentist/porcelain-veneers.html]
[cdn.prod.website-files.com/6230bfc886c8142108c44052/644bb9df1a3d2490851f17b1_dental-veneer (1).svg]
[cdn.prod.website-files.com/6230bfc886c8142108c44052/6230bfc886c814e4bcc44155_5f1dd385368ff64af3998d5b_Group 54.svg]
[cdn.prod.website-files.com/6230bfc886c8142108c44052/6230bfc886c8143cfbc44152_5f1dd38837b7ab3efaf7eb12_Group 76.svg]
[cdn.prod.website-files.com/6230bfc886c8142108c44052/6230bfc886c814eb9ac44154_5f1dd388c892d8292f3691dc_Group 73.svg]
[cdn.prod.website-files.com/6230bfc886c8142108c44052/6230bfc886c81475aac44153_5f1dd388dd643e0387950eff_Group 75.svg]
[cdn.prod.website-files.com/6230bfc886c8142108c44052/6230bfc886c8147eb4c44151_5f1dd407c892d84d0f369354_Group 77.svg]
[cdn.prod.website-files.com/6230bfc886c8142108c44052/6230bfc886c8146e92c44156_5f1dd385f60f94559c5eef81_Group 57.svg]
[cdn.prod.website-files.com/612a2480b794336b7e453e63/612a29bf68e4642481cfaf1e_Photo 1.jpg]
[cdn.prod.website-files.com/612a2480b794336b7e453e63/612a2d60644420cb892dc8a0_Photo.jpg]
[cdn.prod.website-files.com/6230bfc886c8142108c44052/6230bfc886c8143f4bc4409a_arrow-left-line.svg]
[cdn.prod.website-files.com/612e3af8b0961e4ab471d228/612e3f0db49b9d2cd68aef96_Home.svg]
[cdn.prod.website-files.com/612e3af8b0961e4ab471d228/612e3fce7f4f8b9cea9ea392_Chat active.svg]
[www.zen.dentist/patients.html]
[cdn.prod.website-files.com/612e3af8b0961e4ab471d228/612e43c00048df539eca61ba_Category active.svg]
[www.zen.dentist/san-francisco-dental-studio.html]
[cdn.prod.website-files.com/6230bfc886c8142108c44052/6230bfc886c8146a2ec4409b_arrow-down-s-line.svg]
[cdn.prod.website-files.com/6230bfc886c8142108c44052/65c26df2656068af541549f2_hallway1.webp]
[www.zen.dentist/mountain-view-dental-studio.html]
[www.zen.dentist/contact.html]
[cdn.prod.website-files.com/6230bfc886c8142108c44052/6230bfc886c81470ccc4412f_menu-line.svg]
[cdn.prod.website-files.com/6230bfc886c8142108c44052/6230bfc886c814de9dc4413a_Asset 1.svg]
[www.powr.io/powr8571.js]
[cdn.prod.website-files.com/6230bfc886c8142108c44052/6390fdf516c6dd35372d59c9_dentistry 1.svg]
[cdn.prod.website-files.com/6230bfc886c8142108c44052/6390feeb804907cea6d46c33_search 1.svg]
[cdn.prod.website-files.com/6230bfc886c8142108c44052/6390fe6876664030cce94462_streaming 1.svg]
[cdn.prod.website-files.com/6230bfc886c8142108c44052/639100f48049071546d4a223_Vector.svg]
[cdn.prod.website-files.com/6230bfc886c8142108c44052/63910162fadf4f4f642f9980_Page-1.svg]
[cdn.prod.website-files.com/6230bfc886c8142108c44052/639101f4167ec24500d15d88_coffee 1.svg]
[cdn.prod.website-files.com/6230bfc886c8142108c44052/639102bcfff0620d88cd5656_wifi (1) 1.svg]
[cdn.prod.website-files.com/6230bfc886c8142108c44052/63910308577eec298b02c43b_diffuser 1.svg]
[cdn.prod.website-files.com/6230bfc886c8142108c44052/639103eeaa0fde454b79843c_customize 1.svg]
[cdn.prod.website-files.com/6230bfc886c8142108c44052/6391048a980724f81b0470a5_tooth 1.svg]
[cdn.prod.website-files.com/6230bfc886c8142108c44052/6230bfc886c8148790c440ce_close-fill.svg]
[cdn.prod.website-files.com/6230bfc886c8142108c44052/6230bfc886c8146e64c440d4_Ellipse 21.svg]
[cdn.prod.website-files.com/6230bfc886c8142108c44052/6230bfc886c81472bec44097_clarity_block-quote-line.svg]
[cdn.prod.website-files.com/6230bfc886c8148626c4406d/6230bfc886c8145702c44179_yelp_logo.svg]
[cdn.prod.website-files.com/6230bfc886c8142108c44052/6230bfc886c8141132c440d9_blog hero 1.webp]
[www.zen.dentist/blog/is-your-dentist-tech-savvy.html]
[www.zen.dentist/blog/how-to-pick-your-invisalign-provider-factors-to-consider.html]
[www.zen.dentist/blog/understanding-dental-veneers-how-to-choose-the-right-office.html]
[www.zen.dentist/blog/navigating-dental-insurance-get-the-most-out-of-your-plan.html]
[www.zen.dentist/blog/the-zen-approach-to-dental-care-more-than-just-a-name.html]
[www.zen.dentist/blog/emergency-dental-care-what-you-need-to-know.html]
[www.zen.dentist/blog/transparent-pricing-what-to-expect-from-your-dental-bill.html]
[www.zen.dentist/blog/the-path-to-pearly-whites-how-to-choose-your-teeth-whitening-treatment.html]
[www.zen.dentist/blog/dental-membership-plans-the-solution-for-the-uninsured.html]
[www.zen.dentist/root-canal-treatment-what-you-need-to-know.html]
[www.zen.dentist/what-should-you-know-about-teeth-extraction.html]
[www.zen.dentist/teeth-extraction-procedure-aftercare-recovery.html]
[www.zen.dentist/what-you-need-to-know-about-dental-crowns.html]
[www.zen.dentist/7-things-you-didnt-know-about-dental-crowns.html]
[www.zen.dentist/comprehensive-teeth-cleaning-the-best-way-to-keep-your-smile-looking-great.html]
[www.zen.dentist/abscess-causes-symptoms-treatments.html]
[www.zen.dentist/dental-x-rays-all-you-need-to-know.html]
[www.zen.dentist/replacing-lost-teeth-why-its-important.html]
[www.zen.dentist/4-secrets-to-make-flossing-simpler.html]
[www.zen.dentist/8-things-you-didnt-know-your-dentist-was-doing-at-your-checkup.html]
[www.zen.dentist/checklist-for-your-next-dental-visit.html]
[www.zen.dentist/zen-blog.html]
[www.zen.dentist/dentist-near-me/the-link-between-oral-health-and-overall-health-why-it-matters-for-san-francisco-residents.html]
[www.zen.dentist/dental-crowns.html]
[www.zen.dentist/blog/finding-your-dental-home-what-to-look-for-in-a-provider.html]
[www.zen.dentist/sitemap.html]
[cdn.prod.website-files.com/6230bfc886c8142108c44052/6230bfc886c8141b31c440d0_facebook-circle-fill.svg]
[cdn.prod.website-files.com/6230bfc886c8142108c44052/6230bfc886c8149951c440d3_instagram-line.svg]
[cdn.prod.website-files.com/6230bfc886c8142108c44052/6230bfc886c8143762c440c5_webflow-arrow.svg]
[cdn.prod.website-files.com/6230bfc886c8142108c44052/6230bfc886c8145063c44099_arrow-right-up-line.svg]
[cdn.prod.website-files.com/6230bfc886c8142108c44052/64e621a5b03e3fb9bb2803e0_Group.svg]
[cdn.prod.website-files.com/6230bfc886c8142108c44052/644bae85e44f1f6f0feec254_artificial-intelligence.svg]
[cdn.prod.website-files.com/6230bfc886c8142108c44052/644baf026ccf194b4cfb8fda_x-ray.svg]
[cdn.prod.website-files.com/6230bfc886c8142108c44052/644bafaa35711f64602fdf62_laser-beam.svg]
[www.zen.dentist/oral-surgery.html]
[cdn.prod.website-files.com/6230bfc886c8142108c44052/644bb028cff00c27a5c77b9b_scan.svg]
[cdn.prod.website-files.com/6230bfc886c8142108c44052/6230bfc886c814d744c44134_1.webp]
[cdn.prod.website-files.com/6230bfc886c8142108c44052/6230bfc886c81435e4c44135_2.webp]
[cdn.prod.website-files.com/6230bfc886c8142108c44052/6230bfc886c8147ae0c44136_3.webp]
[cdn.prod.website-files.com/6230bfc886c8142108c44052/6303a424b24e6265f44f028c_2.png]
[cdn.prod.website-files.com/6230bfc886c8142108c44052/6303a4298fc2b499d274607e_3.jpg]
[cdn.prod.website-files.com/6230bfc886c8142108c44052/6303a426c5a73e79d29bc5a6_4.png]
[cdn.prod.website-files.com/6230bfc886c8142108c44052/6303ad363928779f789424c2_consutlation1.svg]
[cdn.prod.website-files.com/6230bfc886c8142108c44052/6303aee6b24e6255e54f5fe9_3dscan.svg]
[cdn.prod.website-files.com/6230bfc886c8142108c44052/6303aee7cec48163d25ff1b7_in person.svg]
[cdn.prod.website-files.com/6230bfc886c8142108c44052/6303aee8e66a55e02db0cd11_whitening.svg]
[cdn.prod.website-files.com/6230bfc886c8142108c44052/6303aee7ca83b04ffac63ebb_retainer.svg]
[cdn.prod.website-files.com/6230bfc886c8142108c44052/6303aee7f55aa741280b5fc9_payment.svg]
[cdn.prod.website-files.com/6230bfc886c8142108c44052/6230bfc886c8144291c440d5_Group (1).svg]
[www.zen.dentist/comprehensive-cleaning-services-in-sf-and-mv.html]
[www.zen.dentist/how-to-naturally-make-your-teeth-stronger.html]
[www.zen.dentist/teeth-anatomy-why-is-it-good-to-know.html]
[cdn.prod.website-files.com/6230bfc886c8142108c44052/6618214cceb29ad54b8ad460_Group 70.svg]
[cdn.prod.website-files.com/6230bfc886c8142108c44052/6618214dae6895cc12e26d37_Group 71.svg]
[cdn.prod.website-files.com/6230bfc886c8142108c44052/66182d0662b5539384bdf0ff_apple 1.svg]
[cdn.prod.website-files.com/6230bfc886c8142108c44052/66182d069e5ee373baa7747c_teeth 1.svg]
[cdn.prod.website-files.com/6230bfc886c8142108c44052/66182d05111f54510dac4921_orthodontic 1.svg]
[cdn.prod.website-files.com/6230bfc886c8142108c44052/66182e985b04926a720e368e_unlocked.svg]
[cdn.prod.website-files.com/6230bfc886c8142108c44052/66182d064e75868c99329a9a_face-recognition 1.svg]
[cdn.prod.website-files.com/6230bfc886c8142108c44052/66182d05ce8f55a9a7976359_lightning 1.svg]
[cdn.prod.website-files.com/6230bfc886c8142108c44052/66182d059e5ee373baa77421_straightens-teeth 1.svg]
[cdn.prod.website-files.com/6230bfc886c8142108c44052/661836d07d6660975631bbf5_arrow-left-line.svg]
[cdn.prod.website-files.com/6230bfc886c8142108c44052/661836a43d7e0ad97ee66b3c_arrow-left-line.svg]
[cdn.prod.website-files.com/6230bfc886c8142108c44052/661d0081e9631769e9e8f61e_dental-care 1.svg]
[cdn.prod.website-files.com/6230bfc886c8142108c44052/661d019311890e81875242ff_money-saving 1.svg]
[cdn.prod.website-files.com/6230bfc886c8142108c44052/661d01502e3ce8b189143485_asdasdasd.svg]
[cdn.prod.website-files.com/6230bfc886c8142108c44052/644bb9021be5d5c6a36c54a9_dentist.svg]
[cdn.prod.website-files.com/6230bfc886c8142108c44052/644bb58b1be5d5b2c66c1909_task.svg]
[cdn.prod.website-files.com/6230bfc886c8142108c44052/644bbb0a12ed4bde21080bd5_straightens-teeth.svg]
[cdn.prod.website-files.com/6230bfc886c8142108c44052/644bbb38be660b0ef857ad1c_dentist (1).svg]
[cdn.prod.website-files.com/6230bfc886c8142108c44052/644bb7dc49862534abecd208_teeth.svg]
[www.zen.dentist/do-i-need-a-smile-makeover.html]
[www.zen.dentist/dentist-near-me/the-role-of-cosmetic-dentistry-in-los-altos-palo-alto-enhancing-smiles-and-confidence.html]
[cdn.prod.website-files.com/6230bfc886c8142108c44052/644bb74e95dc92482b7dfca0_home.svg]
[cdn.prod.website-files.com/6230bfc886c8142108c44052/644bb7874986250ef0eccab2_dentist-chair.svg]
[cdn.prod.website-files.com/6230bfc886c8142108c44052/644bb7b45eb17a4f8f6816e3_sensitive.svg]
[cdn.prod.website-files.com/6230bfc886c8142108c44052/644bb50c8f7a2c686a113b47_consultation.svg]
[cdn.prod.website-files.com/6230bfc886c8142108c44052/644bb5c4f19b84805684bb12_dental-implant.svg]
[cdn.prod.website-files.com/6230bfc886c8142108c44052/644bb5e4cbad9532fdc71888_reconstruction.svg]
[cdn.prod.website-files.com/6230bfc886c8142108c44052/6303b281de79959e5865a412_check-line.svg]
[www.zen.dentist/why-dental-cleaning-are-so-vital.html]
[cdn.prod.website-files.com/6230bfc886c8142108c44052/644bb98a23f0b4dd53fbedcf_dental-veneer.svg]
[cdn.prod.website-files.com/6230bfc886c8142108c44052/644bb9df1a3d2490851f17b1_dental-veneer (1).svg]
[cdn.prod.website-files.com/6230bfc886c8142108c44052/6230bfc886c814e4bcc44155_5f1dd385368ff64af3998d5b_Group 54.svg]
[cdn.prod.website-files.com/6230bfc886c8142108c44052/6230bfc886c8143cfbc44152_5f1dd38837b7ab3efaf7eb12_Group 76.svg]
[cdn.prod.website-files.com/6230bfc886c8142108c44052/6230bfc886c814eb9ac44154_5f1dd388c892d8292f3691dc_Group 73.svg]
[cdn.prod.website-files.com/6230bfc886c8142108c44052/6230bfc886c81475aac44153_5f1dd388dd643e0387950eff_Group 75.svg]
[cdn.prod.website-files.com/6230bfc886c8142108c44052/6230bfc886c8147eb4c44151_5f1dd407c892d84d0f369354_Group 77.svg]
[cdn.prod.website-files.com/6230bfc886c8142108c44052/6230bfc886c8146e92c44156_5f1dd385f60f94559c5eef81_Group 57.svg]
[cdn.prod.website-files.com/6230bfc886c8142108c44052/6230bfc886c8143f4bc4409a_arrow-left-line.svg]
[cdn.prod.website-files.com/612e3af8b0961e4ab471d228/612e3f0db49b9d2cd68aef96_Home.svg]
[cdn.prod.website-files.com/612e3af8b0961e4ab471d228/612e3fce7f4f8b9cea9ea392_Chat active.svg]
[cdn.prod.website-files.com/612e3af8b0961e4ab471d228/612e43c00048df539eca61ba_Category active.svg]
[cdn.prod.website-files.com/6230bfc886c8142108c44052/6230bfc886c8146a2ec4409b_arrow-down-s-line.svg]
[cdn.prod.website-files.com/6230bfc886c8142108c44052/6230bfc886c814a1ccc440d6_Group.svg]
[cdn.prod.website-files.com/6230bfc886c8148626c4406d/65205224ca49170d2ba5a35e_zen dental blog imagini.jpg]
[cdn.prod.website-files.com/6230bfc886c8148626c4406d/652050f7f7112a38f3c20223_zen dental blog imagini.jpg]
[cdn.prod.website-files.com/6230bfc886c8148626c4406d/6520513277b38b8e90722854_zen dental blog imagini.jpg]
[cdn.prod.website-files.com/6230bfc886c8148626c4406d/65205166d326565d2cced6f3_zen dental blog imagini.jpg]
[cdn.prod.website-files.com/6230bfc886c8148626c4406d/65205195d2d2f809df70ad82_zen dental blog imagini.jpg]
[cdn.prod.website-files.com/6230bfc886c8148626c4406d/652051cbf7112a38f3c292fa_zen dental blog imagini.jpg]
[cdn.prod.website-files.com/plugins/Basic/assets/placeholder.60f9b1840c.svg]
[cdn.prod.website-files.com/6230bfc886c8148626c4406d/6520505277b38b8e90715169_zen dental blog imagini.jpg]
[cdn.prod.website-files.com/6230bfc886c8148626c4406d/65204b1f8e56af8765b320c9_zen dental blog imagini.jpg]
[cdn.prod.website-files.com/6230bfc886c8148626c4406d/652047f68d3d382c93571676_zen dental blog imagini.jpg]
[cdn.prod.website-files.com/6230bfc886c8148626c4406d/652043ffe79b83c5cf153ad5_zen dental blog imagini.jpg]
[cdn.prod.website-files.com/6230bfc886c8148626c4406d/652040d325635db7a0425f5d_zen dental blog imagini.jpg]
[cdn.prod.website-files.com/6230bfc886c8148626c4406d/65203bf024850039bd11026d_zen dental blog imagini.jpg]
[cdn.prod.website-files.com/6230bfc886c8148626c4406d/652036dd28d1ed82ad26fade_zen dental blog imagini.jpg]
[cdn.prod.website-files.com/6230bfc886c8148626c4406d/652033192693b0493461fe36_zen dental blog imagini.jpg]
[cdn.prod.website-files.com/6230bfc886c8148626c4406d/64e62e0a5dba49b5603d779c_Finding Your Dental Home – What to Look For in a Provider.jpg]
[tools.refokus.com/next-prev-articles/bundle.v1.0.0.js]
[cdnjs.cloudflare.com/ajax/libs/gsap/3.11.3/gsap.min.js]
[www.zen.dentist/blog/is-your-dentist-tech-savvy.html]
[cdnjs.cloudflare.com/ajax/libs/gsap/3.11.3/ScrollTrigger.min.js]
[cdn.prod.website-files.com/6230bfc886c8148626c4406d/65204cdb5790a4fb12a0614a_zen dental blog imagini.jpg]
[cdn.prod.website-files.com/6230bfc886c8148626c4406d/65204d1ba906d151789d002f_zen dental blog imagini.jpg]
[cdn.prod.website-files.com/6230bfc886c8148626c4406d/65204d7e13c0ebcf4c75d5ed_zen dental blog imagini.jpg]
[cdn.prod.website-files.com/6230bfc886c8148626c4406d/65204dba649c8e78262d2861_zen dental blog imagini.jpg]
[cdn.prod.website-files.com/6230bfc886c8148626c4406d/65204dfd5790a4fb12a130d6_zen dental blog imagini.jpg]
[cdn.prod.website-files.com/6230bfc886c8148626c4406d/65204e394e9f8f5a6404ef63_zen dental blog imagini.jpg]
[cdn.prod.website-files.com/6230bfc886c8148626c4406d/65204f3c1659e3772d1be269_zen dental blog imagini.jpg]
[www.zen.dentist/blog/how-to-pick-your-invisalign-provider-factors-to-consider.html]
[cdn.prod.website-files.com/6230bfc886c8148626c4406d/652048785790a4fb129cd4a9_zen dental blog imagini.jpg]
[cdn.prod.website-files.com/6230bfc886c8148626c4406d/652048cc6505b9150cd76ce8_zen dental blog imagini.jpg]
[cdn.prod.website-files.com/6230bfc886c8148626c4406d/65204909e7514328833e7a53_zen dental blog imagini.jpg]
[cdn.prod.website-files.com/6230bfc886c8148626c4406d/65204942090f10deb2ee9625_zen dental blog imagini.jpg]
[cdn.prod.website-files.com/6230bfc886c8148626c4406d/65204991b12918e814927976_zen dental blog imagini.jpg]
[cdn.prod.website-files.com/6230bfc886c8148626c4406d/65204a0a7641216247662d03_zen dental blog imagini.jpg]
[cdn.prod.website-files.com/6230bfc886c8148626c4406d/65204aa0a9a687744420716b_zen dental blog imagini.jpg]
[www.zen.dentist/blog/understanding-dental-veneers-how-to-choose-the-right-office.html]
[cdn.prod.website-files.com/6230bfc886c8148626c4406d/65204470da7ce6152906516a_zen dental blog imagini.jpg]
[cdn.prod.website-files.com/6230bfc886c8148626c4406d/652044c672a75899e9d1d6b6_zen dental blog imagini.jpg]
[cdn.prod.website-files.com/6230bfc886c8148626c4406d/65204524bec494bf64300117_zen dental blog imagini.jpg]
[cdn.prod.website-files.com/6230bfc886c8148626c4406d/652045e5764121624763002f_zen dental blog imagini.jpg]
[cdn.prod.website-files.com/6230bfc886c8148626c4406d/6520465cfb8fb228a318f6b0_zen dental blog imagini.jpg]
[cdn.prod.website-files.com/6230bfc886c8148626c4406d/652046c829385032d91fd25b_zen dental blog imagini.jpg]
[www.zen.dentist/blog/navigating-dental-insurance-get-the-most-out-of-your-plan.html]
[cdn.prod.website-files.com/6230bfc886c8148626c4406d/6520415699309414b42ac613_zen dental blog imagini.jpg]
[cdn.prod.website-files.com/6230bfc886c8148626c4406d/652041c36286a4061ab9ed90_zen dental blog imagini.jpg]
[cdn.prod.website-files.com/6230bfc886c8148626c4406d/652042181dbf6459604dc034_zen dental blog imagini.jpg]
[cdn.prod.website-files.com/6230bfc886c8148626c4406d/6520425a7641216247607cc9_zen dental blog imagini.jpg]
[www.zen.dentist/blog/the-zen-approach-to-dental-care-more-than-just-a-name.html]
[cdn.prod.website-files.com/6230bfc886c8148626c4406d/652042be5467d373dc2582d3_zen dental blog imagini.jpg]
[cdn.prod.website-files.com/6230bfc886c8148626c4406d/65203da96bb79d13ad9c9086_zen dental blog imagini.jpg]
[cdn.prod.website-files.com/6230bfc886c8148626c4406d/65203e32ecd03e000e9c8448_zen dental blog imagini.jpg]
[cdn.prod.website-files.com/6230bfc886c8148626c4406d/65203e909f0ed92a420dc323_zen dental blog imagini.jpg]
[cdn.prod.website-files.com/6230bfc886c8148626c4406d/65203fbbe75143288337f5ac_zen dental blog imagini.jpg]
[cdn.prod.website-files.com/6230bfc886c8148626c4406d/652040588daf728f824e4072_zen dental blog imagini.jpg]
[www.zen.dentist/blog/emergency-dental-care-what-you-need-to-know.html]
[cdn.prod.website-files.com/6230bfc886c8148626c4406d/6520377c7a330159144b4c6c_zen dental blog imagini.jpg]
[cdn.prod.website-files.com/6230bfc886c8148626c4406d/65203804c31d18341a6f3e81_zen dental blog imagini.jpg]
[cdn.prod.website-files.com/6230bfc886c8148626c4406d/6520388792f9ba32696cca6a_zen dental blog imagini.jpg]
[cdn.prod.website-files.com/6230bfc886c8148626c4406d/6520394aa9a687744413822c_zen dental blog imagini.jpg]
[cdn.prod.website-files.com/6230bfc886c8148626c4406d/65203a17306afbf32951e8fe_zen dental blog imagini.jpg]
[cdn.prod.website-files.com/6230bfc886c8148626c4406d/65203acd2732ffdfe08b9bce_zen dental blog imagini.jpg]
[www.zen.dentist/blog/transparent-pricing-what-to-expect-from-your-dental-bill.html]
[cdn.prod.website-files.com/6230bfc886c8148626c4406d/652033a48d3d382c93478b91_zen dental blog imagini.jpg]
[cdn.prod.website-files.com/6230bfc886c8148626c4406d/6520340ae751432883304761_zen dental blog imagini.jpg]
[cdn.prod.website-files.com/6230bfc886c8148626c4406d/6520346dce79d9ced0c84cc0_zen dental blog imagini.jpg]
[cdn.prod.website-files.com/6230bfc886c8148626c4406d/652035d992f9ba32696ae5b7_zen dental blog imagini.jpg]
[cdn.prod.website-files.com/6230bfc886c8148626c4406d/6520362413c0ebcf4c652868_zen dental blog imagini.jpg]
[www.zen.dentist/blog/the-path-to-pearly-whites-how-to-choose-your-teeth-whitening-treatment.html]
[cdn.prod.website-files.com/6230bfc886c8148626c4406d/65202c3382114a41b5e62fa4_zen dental blog imagini.jpg]
[cdn.prod.website-files.com/6230bfc886c8148626c4406d/65202cf32732ffdfe0805543_zen dental blog imagini.jpg]
[cdn.prod.website-files.com/6230bfc886c8148626c4406d/65202d58f65a3ac72cdd967f_zen dental blog imagini.jpg]
[cdn.prod.website-files.com/6230bfc886c8148626c4406d/65202dc4d0cc9085934554c0_zen dental blog imagini.jpg]
[cdn.prod.website-files.com/6230bfc886c8148626c4406d/65202f68bf6c03e5f35c5a66_zen dental blog imagini.jpg]
[cdn.prod.website-files.com/6230bfc886c8148626c4406d/652030986bb79d13ad939a31_zen dental blog imagini.jpg]
[www.zen.dentist/blog/dental-membership-plans-the-solution-for-the-uninsured.html]
[www.zen.dentist/root-canal-treatment-what-you-need-to-know.html]
[www.zen.dentist/what-should-you-know-about-teeth-extraction.html]
[www.zen.dentist/teeth-extraction-procedure-aftercare-recovery.html]
[www.zen.dentist/what-you-need-to-know-about-dental-crowns.html]
[www.zen.dentist/7-things-you-didnt-know-about-dental-crowns.html]
[www.zen.dentist/comprehensive-teeth-cleaning-the-best-way-to-keep-your-smile-looking-great.html]
[www.zen.dentist/abscess-causes-symptoms-treatments.html]
[www.zen.dentist/dental-x-rays-all-you-need-to-know.html]
[www.zen.dentist/replacing-lost-teeth-why-its-important.html]
[www.zen.dentist/4-secrets-to-make-flossing-simpler.html]
[www.zen.dentist/8-things-you-didnt-know-your-dentist-was-doing-at-your-checkup.html]
[www.zen.dentist/checklist-for-your-next-dental-visit.html]
[www.zen.dentist/dentist-near-me/the-link-between-oral-health-and-overall-health-why-it-matters-for-san-francisco-residents.html]
[www.zen.dentist/dental-crowns.html]
[cdn.prod.website-files.com/6230bfc886c8148626c4406d/64e63415a7d56667e90331d9_blog-1.jpg]
[cdn.prod.website-files.com/6230bfc886c8148626c4406d/64e63493e172cb360c124a12_blog-2.jpg]
[cdn.prod.website-files.com/6230bfc886c8148626c4406d/64e635241917bb96257861ac_blog-3.jpg]
[cdn.prod.website-files.com/6230bfc886c8148626c4406d/64e635b5766a658499462d11_blog-4.jpg]
[cdn.prod.website-files.com/6230bfc886c8148626c4406d/64e6372fcb02c46d2510b01c_dvs.jpg]
[www.zen.dentist/blog/finding-your-dental-home-what-to-look-for-in-a-provider.html]
[www.zen.dentist/index.html]
[cdn.prod.website-files.com/6230bfc886c8142108c44052/6303ad363928779f789424c2_consutlation1.svg]
[cdn.prod.website-files.com/6230bfc886c8142108c44052/6303aee6b24e6255e54f5fe9_3dscan.svg]
[cdn.prod.website-files.com/6230bfc886c8142108c44052/6303aee7cec48163d25ff1b7_in person.svg]
[cdn.prod.website-files.com/6230bfc886c8142108c44052/6303aee8e66a55e02db0cd11_whitening.svg]
[cdn.prod.website-files.com/6230bfc886c8142108c44052/6303aee7ca83b04ffac63ebb_retainer.svg]
[cdn.prod.website-files.com/6230bfc886c8142108c44052/6303aee7f55aa741280b5fc9_payment.svg]
[cdn.prod.website-files.com/6230bfc886c8142108c44052/6230bfc886c8144291c440d5_Group (1).svg]
[cdn.prod.website-files.com/6230bfc886c8142108c44052/6230bfc886c814a1ccc440d6_Group.svg]
[www.zen.dentist/_https_/cdn.prod.website-files.com/6230bfc886c8148626c4406d/6390d279a594a9198eb73bce_4.html]
[www.zen.dentist/_https_/cdn.prod.website-files.com/6230bfc886c8148626c4406d/6390d279028a524b9392b75f_5.html]
[www.zen.dentist/_https_/cdn.prod.website-files.com/6230bfc886c8148626c4406d/6390d279969daa490a48b8dc_6.html]
[www.zen.dentist/_https_/cdn.prod.website-files.com/6230bfc886c8148626c4406d/6390d27986e981fec0b5e3ad_7.html]
[www.zen.dentist/_https_/cdn.prod.website-files.com/6230bfc886c8148626c4406d/6390d279e6eafa2500a7aa06_8.html]
[cdn.prod.website-files.com/plugins/Basic/assets/placeholder.60f9b1840c.svg]
[www.zen.dentist/how-to-know-when-you-need-dental-braces.html]
